<?xml version="1.0" encoding="UTF-8"?>
<!-- Generated by org.testng.reporters.JUnitReportReporter -->
<testsuite hostname="anchanto-ThinkCentre-Edge71" name="GitDemo.GitDemo.Demo" tests="1" failures="0" timestamp="4 Aug 2016 10:30:43 GMT" time="0.017" errors="0">
  <testcase name="testDemo" time="0.017" classname="GitDemo.GitDemo.Demo"/>
</testsuite> <!-- GitDemo.GitDemo.Demo -->
